<?xml version="1.0" encoding="UTF-8"?>
<!-- Generated by org.testng.reporters.JUnitReportReporter -->
<testsuite hostname="Dell-Popat" failures="0" tests="1" name="KiteTest.Test_class" time="8.328" errors="0" timestamp="2022-09-08T16:19:40 IST" skipped="0">
  <testcase classname="KiteTest.Test_class" name="verifyuserid" time="8.328"/>
  <system-out>
    <![CDATA[running verify userid]]>
  </system-out>
</testsuite> <!-- KiteTest.Test_class -->
